Created by PLY version 3.11 (http://www.dabeaz.com/ply)

Unused terminals:

    COMMA
    COMMENT

Grammar

Rule 0     S' -> program
Rule 1     program -> statement_list
Rule 2     statement_list -> statement_list statement
Rule 3     statement_list -> statement
Rule 4     statement -> declaration
Rule 5     statement -> assignment
Rule 6     statement -> if_statement
Rule 7     statement -> if_else_statement
Rule 8     statement -> while_statement
Rule 9     statement -> print_statement
Rule 10    declaration -> INT ID ASSIGN expression SEMI
Rule 11    assignment -> ID ASSIGN expression SEMI
Rule 12    print_statement -> PRINT LPAREN expression RPAREN SEMI
Rule 13    if_statement -> IF LPAREN expression RPAREN LBRACE statement_list RBRACE
Rule 14    if_else_statement -> IF LPAREN expression RPAREN LBRACE statement_list RBRACE ELSE LBRACE statement_list RBRACE
Rule 15    while_statement -> WHILE LPAREN expression RPAREN LBRACE statement_list RBRACE
Rule 16    expression -> expression PLUS expression
Rule 17    expression -> expression MINUS expression
Rule 18    expression -> expression MUL expression
Rule 19    expression -> expression DIV expression
Rule 20    expression -> expression GT expression
Rule 21    expression -> expression LT expression
Rule 22    expression -> expression GE expression
Rule 23    expression -> expression LE expression
Rule 24    expression -> expression EQ expression
Rule 25    expression -> expression NE expression
Rule 26    expression -> NUM
Rule 27    expression -> ID

Terminals, with rules where they appear

ASSIGN               : 10 11
COMMA                : 
COMMENT              : 
DIV                  : 19
ELSE                 : 14
EQ                   : 24
GE                   : 22
GT                   : 20
ID                   : 10 11 27
IF                   : 13 14
INT                  : 10
LBRACE               : 13 14 14 15
LE                   : 23
LPAREN               : 12 13 14 15
LT                   : 21
MINUS                : 17
MUL                  : 18
NE                   : 25
NUM                  : 26
PLUS                 : 16
PRINT                : 12
RBRACE               : 13 14 14 15
RPAREN               : 12 13 14 15
SEMI                 : 10 11 12
WHILE                : 15
error                : 

Nonterminals, with rules where they appear

assignment           : 5
declaration          : 4
expression           : 10 11 12 13 14 15 16 16 17 17 18 18 19 19 20 20 21 21 22 22 23 23 24 24 25 25
if_else_statement    : 7
if_statement         : 6
print_statement      : 9
program              : 0
statement            : 2 3
statement_list       : 1 2 13 14 14 15
while_statement      : 8

Parsing method: LALR

state 0

    (0) S' -> . program
    (1) program -> . statement_list
    (2) statement_list -> . statement_list statement
    (3) statement_list -> . statement
    (4) statement -> . declaration
    (5) statement -> . assignment
    (6) statement -> . if_statement
    (7) statement -> . if_else_statement
    (8) statement -> . while_statement
    (9) statement -> . print_statement
    (10) declaration -> . INT ID ASSIGN expression SEMI
    (11) assignment -> . ID ASSIGN expression SEMI
    (13) if_statement -> . IF LPAREN expression RPAREN LBRACE statement_list RBRACE
    (14) if_else_statement -> . IF LPAREN expression RPAREN LBRACE statement_list RBRACE ELSE LBRACE statement_list RBRACE
    (15) while_statement -> . WHILE LPAREN expression RPAREN LBRACE statement_list RBRACE
    (12) print_statement -> . PRINT LPAREN expression RPAREN SEMI

    INT             shift and go to state 10
    ID              shift and go to state 11
    IF              shift and go to state 12
    WHILE           shift and go to state 13
    PRINT           shift and go to state 14

    program                        shift and go to state 1
    statement_list                 shift and go to state 2
    statement                      shift and go to state 3
    declaration                    shift and go to state 4
    assignment                     shift and go to state 5
    if_statement                   shift and go to state 6
    if_else_statement              shift and go to state 7
    while_statement                shift and go to state 8
    print_statement                shift and go to state 9

state 1

    (0) S' -> program .



state 2

    (1) program -> statement_list .
    (2) statement_list -> statement_list . statement
    (4) statement -> . declaration
    (5) statement -> . assignment
    (6) statement -> . if_statement
    (7) statement -> . if_else_statement
    (8) statement -> . while_statement
    (9) statement -> . print_statement
    (10) declaration -> . INT ID ASSIGN expression SEMI
    (11) assignment -> . ID ASSIGN expression SEMI
    (13) if_statement -> . IF LPAREN expression RPAREN LBRACE statement_list RBRACE
    (14) if_else_statement -> . IF LPAREN expression RPAREN LBRACE statement_list RBRACE ELSE LBRACE statement_list RBRACE
    (15) while_statement -> . WHILE LPAREN expression RPAREN LBRACE statement_list RBRACE
    (12) print_statement -> . PRINT LPAREN expression RPAREN SEMI

    $end            reduce using rule 1 (program -> statement_list .)
    INT             shift and go to state 10
    ID              shift and go to state 11
    IF              shift and go to state 12
    WHILE           shift and go to state 13
    PRINT           shift and go to state 14

    statement                      shift and go to state 15
    declaration                    shift and go to state 4
    assignment                     shift and go to state 5
    if_statement                   shift and go to state 6
    if_else_statement              shift and go to state 7
    while_statement                shift and go to state 8
    print_statement                shift and go to state 9

state 3

    (3) statement_list -> statement .

    INT             reduce using rule 3 (statement_list -> statement .)
    ID              reduce using rule 3 (statement_list -> statement .)
    IF              reduce using rule 3 (statement_list -> statement .)
    WHILE           reduce using rule 3 (statement_list -> statement .)
    PRINT           reduce using rule 3 (statement_list -> statement .)
    $end            reduce using rule 3 (statement_list -> statement .)
    RBRACE          reduce using rule 3 (statement_list -> statement .)


state 4

    (4) statement -> declaration .

    INT             reduce using rule 4 (statement -> declaration .)
    ID              reduce using rule 4 (statement -> declaration .)
    IF              reduce using rule 4 (statement -> declaration .)
    WHILE           reduce using rule 4 (statement -> declaration .)
    PRINT           reduce using rule 4 (statement -> declaration .)
    $end            reduce using rule 4 (statement -> declaration .)
    RBRACE          reduce using rule 4 (statement -> declaration .)


state 5

    (5) statement -> assignment .

    INT             reduce using rule 5 (statement -> assignment .)
    ID              reduce using rule 5 (statement -> assignment .)
    IF              reduce using rule 5 (statement -> assignment .)
    WHILE           reduce using rule 5 (statement -> assignment .)
    PRINT           reduce using rule 5 (statement -> assignment .)
    $end            reduce using rule 5 (statement -> assignment .)
    RBRACE          reduce using rule 5 (statement -> assignment .)


state 6

    (6) statement -> if_statement .

    INT             reduce using rule 6 (statement -> if_statement .)
    ID              reduce using rule 6 (statement -> if_statement .)
    IF              reduce using rule 6 (statement -> if_statement .)
    WHILE           reduce using rule 6 (statement -> if_statement .)
    PRINT           reduce using rule 6 (statement -> if_statement .)
    $end            reduce using rule 6 (statement -> if_statement .)
    RBRACE          reduce using rule 6 (statement -> if_statement .)


state 7

    (7) statement -> if_else_statement .

    INT             reduce using rule 7 (statement -> if_else_statement .)
    ID              reduce using rule 7 (statement -> if_else_statement .)
    IF              reduce using rule 7 (statement -> if_else_statement .)
    WHILE           reduce using rule 7 (statement -> if_else_statement .)
    PRINT           reduce using rule 7 (statement -> if_else_statement .)
    $end            reduce using rule 7 (statement -> if_else_statement .)
    RBRACE          reduce using rule 7 (statement -> if_else_statement .)


state 8

    (8) statement -> while_statement .

    INT             reduce using rule 8 (statement -> while_statement .)
    ID              reduce using rule 8 (statement -> while_statement .)
    IF              reduce using rule 8 (statement -> while_statement .)
    WHILE           reduce using rule 8 (statement -> while_statement .)
    PRINT           reduce using rule 8 (statement -> while_statement .)
    $end            reduce using rule 8 (statement -> while_statement .)
    RBRACE          reduce using rule 8 (statement -> while_statement .)


state 9

    (9) statement -> print_statement .

    INT             reduce using rule 9 (statement -> print_statement .)
    ID              reduce using rule 9 (statement -> print_statement .)
    IF              reduce using rule 9 (statement -> print_statement .)
    WHILE           reduce using rule 9 (statement -> print_statement .)
    PRINT           reduce using rule 9 (statement -> print_statement .)
    $end            reduce using rule 9 (statement -> print_statement .)
    RBRACE          reduce using rule 9 (statement -> print_statement .)


state 10

    (10) declaration -> INT . ID ASSIGN expression SEMI

    ID              shift and go to state 16


state 11

    (11) assignment -> ID . ASSIGN expression SEMI

    ASSIGN          shift and go to state 17


state 12

    (13) if_statement -> IF . LPAREN expression RPAREN LBRACE statement_list RBRACE
    (14) if_else_statement -> IF . LPAREN expression RPAREN LBRACE statement_list RBRACE ELSE LBRACE statement_list RBRACE

    LPAREN          shift and go to state 18


state 13

    (15) while_statement -> WHILE . LPAREN expression RPAREN LBRACE statement_list RBRACE

    LPAREN          shift and go to state 19


state 14

    (12) print_statement -> PRINT . LPAREN expression RPAREN SEMI

    LPAREN          shift and go to state 20


state 15

    (2) statement_list -> statement_list statement .

    INT             reduce using rule 2 (statement_list -> statement_list statement .)
    ID              reduce using rule 2 (statement_list -> statement_list statement .)
    IF              reduce using rule 2 (statement_list -> statement_list statement .)
    WHILE           reduce using rule 2 (statement_list -> statement_list statement .)
    PRINT           reduce using rule 2 (statement_list -> statement_list statement .)
    $end            reduce using rule 2 (statement_list -> statement_list statement .)
    RBRACE          reduce using rule 2 (statement_list -> statement_list statement .)


state 16

    (10) declaration -> INT ID . ASSIGN expression SEMI

    ASSIGN          shift and go to state 21


state 17

    (11) assignment -> ID ASSIGN . expression SEMI
    (16) expression -> . expression PLUS expression
    (17) expression -> . expression MINUS expression
    (18) expression -> . expression MUL expression
    (19) expression -> . expression DIV expression
    (20) expression -> . expression GT expression
    (21) expression -> . expression LT expression
    (22) expression -> . expression GE expression
    (23) expression -> . expression LE expression
    (24) expression -> . expression EQ expression
    (25) expression -> . expression NE expression
    (26) expression -> . NUM
    (27) expression -> . ID

    NUM             shift and go to state 24
    ID              shift and go to state 22

    expression                     shift and go to state 23

state 18

    (13) if_statement -> IF LPAREN . expression RPAREN LBRACE statement_list RBRACE
    (14) if_else_statement -> IF LPAREN . expression RPAREN LBRACE statement_list RBRACE ELSE LBRACE statement_list RBRACE
    (16) expression -> . expression PLUS expression
    (17) expression -> . expression MINUS expression
    (18) expression -> . expression MUL expression
    (19) expression -> . expression DIV expression
    (20) expression -> . expression GT expression
    (21) expression -> . expression LT expression
    (22) expression -> . expression GE expression
    (23) expression -> . expression LE expression
    (24) expression -> . expression EQ expression
    (25) expression -> . expression NE expression
    (26) expression -> . NUM
    (27) expression -> . ID

    NUM             shift and go to state 24
    ID              shift and go to state 22

    expression                     shift and go to state 25

state 19

    (15) while_statement -> WHILE LPAREN . expression RPAREN LBRACE statement_list RBRACE
    (16) expression -> . expression PLUS expression
    (17) expression -> . expression MINUS expression
    (18) expression -> . expression MUL expression
    (19) expression -> . expression DIV expression
    (20) expression -> . expression GT expression
    (21) expression -> . expression LT expression
    (22) expression -> . expression GE expression
    (23) expression -> . expression LE expression
    (24) expression -> . expression EQ expression
    (25) expression -> . expression NE expression
    (26) expression -> . NUM
    (27) expression -> . ID

    NUM             shift and go to state 24
    ID              shift and go to state 22

    expression                     shift and go to state 26

state 20

    (12) print_statement -> PRINT LPAREN . expression RPAREN SEMI
    (16) expression -> . expression PLUS expression
    (17) expression -> . expression MINUS expression
    (18) expression -> . expression MUL expression
    (19) expression -> . expression DIV expression
    (20) expression -> . expression GT expression
    (21) expression -> . expression LT expression
    (22) expression -> . expression GE expression
    (23) expression -> . expression LE expression
    (24) expression -> . expression EQ expression
    (25) expression -> . expression NE expression
    (26) expression -> . NUM
    (27) expression -> . ID

    NUM             shift and go to state 24
    ID              shift and go to state 22

    expression                     shift and go to state 27

state 21

    (10) declaration -> INT ID ASSIGN . expression SEMI
    (16) expression -> . expression PLUS expression
    (17) expression -> . expression MINUS expression
    (18) expression -> . expression MUL expression
    (19) expression -> . expression DIV expression
    (20) expression -> . expression GT expression
    (21) expression -> . expression LT expression
    (22) expression -> . expression GE expression
    (23) expression -> . expression LE expression
    (24) expression -> . expression EQ expression
    (25) expression -> . expression NE expression
    (26) expression -> . NUM
    (27) expression -> . ID

    NUM             shift and go to state 24
    ID              shift and go to state 22

    expression                     shift and go to state 28

state 22

    (27) expression -> ID .

    SEMI            reduce using rule 27 (expression -> ID .)
    PLUS            reduce using rule 27 (expression -> ID .)
    MINUS           reduce using rule 27 (expression -> ID .)
    MUL             reduce using rule 27 (expression -> ID .)
    DIV             reduce using rule 27 (expression -> ID .)
    GT              reduce using rule 27 (expression -> ID .)
    LT              reduce using rule 27 (expression -> ID .)
    GE              reduce using rule 27 (expression -> ID .)
    LE              reduce using rule 27 (expression -> ID .)
    EQ              reduce using rule 27 (expression -> ID .)
    NE              reduce using rule 27 (expression -> ID .)
    RPAREN          reduce using rule 27 (expression -> ID .)


state 23

    (11) assignment -> ID ASSIGN expression . SEMI
    (16) expression -> expression . PLUS expression
    (17) expression -> expression . MINUS expression
    (18) expression -> expression . MUL expression
    (19) expression -> expression . DIV expression
    (20) expression -> expression . GT expression
    (21) expression -> expression . LT expression
    (22) expression -> expression . GE expression
    (23) expression -> expression . LE expression
    (24) expression -> expression . EQ expression
    (25) expression -> expression . NE expression

    SEMI            shift and go to state 29
    PLUS            shift and go to state 30
    MINUS           shift and go to state 31
    MUL             shift and go to state 32
    DIV             shift and go to state 33
    GT              shift and go to state 34
    LT              shift and go to state 35
    GE              shift and go to state 36
    LE              shift and go to state 37
    EQ              shift and go to state 38
    NE              shift and go to state 39


state 24

    (26) expression -> NUM .

    SEMI            reduce using rule 26 (expression -> NUM .)
    PLUS            reduce using rule 26 (expression -> NUM .)
    MINUS           reduce using rule 26 (expression -> NUM .)
    MUL             reduce using rule 26 (expression -> NUM .)
    DIV             reduce using rule 26 (expression -> NUM .)
    GT              reduce using rule 26 (expression -> NUM .)
    LT              reduce using rule 26 (expression -> NUM .)
    GE              reduce using rule 26 (expression -> NUM .)
    LE              reduce using rule 26 (expression -> NUM .)
    EQ              reduce using rule 26 (expression -> NUM .)
    NE              reduce using rule 26 (expression -> NUM .)
    RPAREN          reduce using rule 26 (expression -> NUM .)


state 25

    (13) if_statement -> IF LPAREN expression . RPAREN LBRACE statement_list RBRACE
    (14) if_else_statement -> IF LPAREN expression . RPAREN LBRACE statement_list RBRACE ELSE LBRACE statement_list RBRACE
    (16) expression -> expression . PLUS expression
    (17) expression -> expression . MINUS expression
    (18) expression -> expression . MUL expression
    (19) expression -> expression . DIV expression
    (20) expression -> expression . GT expression
    (21) expression -> expression . LT expression
    (22) expression -> expression . GE expression
    (23) expression -> expression . LE expression
    (24) expression -> expression . EQ expression
    (25) expression -> expression . NE expression

    RPAREN          shift and go to state 40
    PLUS            shift and go to state 30
    MINUS           shift and go to state 31
    MUL             shift and go to state 32
    DIV             shift and go to state 33
    GT              shift and go to state 34
    LT              shift and go to state 35
    GE              shift and go to state 36
    LE              shift and go to state 37
    EQ              shift and go to state 38
    NE              shift and go to state 39


state 26

    (15) while_statement -> WHILE LPAREN expression . RPAREN LBRACE statement_list RBRACE
    (16) expression -> expression . PLUS expression
    (17) expression -> expression . MINUS expression
    (18) expression -> expression . MUL expression
    (19) expression -> expression . DIV expression
    (20) expression -> expression . GT expression
    (21) expression -> expression . LT expression
    (22) expression -> expression . GE expression
    (23) expression -> expression . LE expression
    (24) expression -> expression . EQ expression
    (25) expression -> expression . NE expression

    RPAREN          shift and go to state 41
    PLUS            shift and go to state 30
    MINUS           shift and go to state 31
    MUL             shift and go to state 32
    DIV             shift and go to state 33
    GT              shift and go to state 34
    LT              shift and go to state 35
    GE              shift and go to state 36
    LE              shift and go to state 37
    EQ              shift and go to state 38
    NE              shift and go to state 39


state 27

    (12) print_statement -> PRINT LPAREN expression . RPAREN SEMI
    (16) expression -> expression . PLUS expression
    (17) expression -> expression . MINUS expression
    (18) expression -> expression . MUL expression
    (19) expression -> expression . DIV expression
    (20) expression -> expression . GT expression
    (21) expression -> expression . LT expression
    (22) expression -> expression . GE expression
    (23) expression -> expression . LE expression
    (24) expression -> expression . EQ expression
    (25) expression -> expression . NE expression

    RPAREN          shift and go to state 42
    PLUS            shift and go to state 30
    MINUS           shift and go to state 31
    MUL             shift and go to state 32
    DIV             shift and go to state 33
    GT              shift and go to state 34
    LT              shift and go to state 35
    GE              shift and go to state 36
    LE              shift and go to state 37
    EQ              shift and go to state 38
    NE              shift and go to state 39


state 28

    (10) declaration -> INT ID ASSIGN expression . SEMI
    (16) expression -> expression . PLUS expression
    (17) expression -> expression . MINUS expression
    (18) expression -> expression . MUL expression
    (19) expression -> expression . DIV expression
    (20) expression -> expression . GT expression
    (21) expression -> expression . LT expression
    (22) expression -> expression . GE expression
    (23) expression -> expression . LE expression
    (24) expression -> expression . EQ expression
    (25) expression -> expression . NE expression

    SEMI            shift and go to state 43
    PLUS            shift and go to state 30
    MINUS           shift and go to state 31
    MUL             shift and go to state 32
    DIV             shift and go to state 33
    GT              shift and go to state 34
    LT              shift and go to state 35
    GE              shift and go to state 36
    LE              shift and go to state 37
    EQ              shift and go to state 38
    NE              shift and go to state 39


state 29

    (11) assignment -> ID ASSIGN expression SEMI .

    INT             reduce using rule 11 (assignment -> ID ASSIGN expression SEMI .)
    ID              reduce using rule 11 (assignment -> ID ASSIGN expression SEMI .)
    IF              reduce using rule 11 (assignment -> ID ASSIGN expression SEMI .)
    WHILE           reduce using rule 11 (assignment -> ID ASSIGN expression SEMI .)
    PRINT           reduce using rule 11 (assignment -> ID ASSIGN expression SEMI .)
    $end            reduce using rule 11 (assignment -> ID ASSIGN expression SEMI .)
    RBRACE          reduce using rule 11 (assignment -> ID ASSIGN expression SEMI .)


state 30

    (16) expression -> expression PLUS . expression
    (16) expression -> . expression PLUS expression
    (17) expression -> . expression MINUS expression
    (18) expression -> . expression MUL expression
    (19) expression -> . expression DIV expression
    (20) expression -> . expression GT expression
    (21) expression -> . expression LT expression
    (22) expression -> . expression GE expression
    (23) expression -> . expression LE expression
    (24) expression -> . expression EQ expression
    (25) expression -> . expression NE expression
    (26) expression -> . NUM
    (27) expression -> . ID

    NUM             shift and go to state 24
    ID              shift and go to state 22

    expression                     shift and go to state 44

state 31

    (17) expression -> expression MINUS . expression
    (16) expression -> . expression PLUS expression
    (17) expression -> . expression MINUS expression
    (18) expression -> . expression MUL expression
    (19) expression -> . expression DIV expression
    (20) expression -> . expression GT expression
    (21) expression -> . expression LT expression
    (22) expression -> . expression GE expression
    (23) expression -> . expression LE expression
    (24) expression -> . expression EQ expression
    (25) expression -> . expression NE expression
    (26) expression -> . NUM
    (27) expression -> . ID

    NUM             shift and go to state 24
    ID              shift and go to state 22

    expression                     shift and go to state 45

state 32

    (18) expression -> expression MUL . expression
    (16) expression -> . expression PLUS expression
    (17) expression -> . expression MINUS expression
    (18) expression -> . expression MUL expression
    (19) expression -> . expression DIV expression
    (20) expression -> . expression GT expression
    (21) expression -> . expression LT expression
    (22) expression -> . expression GE expression
    (23) expression -> . expression LE expression
    (24) expression -> . expression EQ expression
    (25) expression -> . expression NE expression
    (26) expression -> . NUM
    (27) expression -> . ID

    NUM             shift and go to state 24
    ID              shift and go to state 22

    expression                     shift and go to state 46

state 33

    (19) expression -> expression DIV . expression
    (16) expression -> . expression PLUS expression
    (17) expression -> . expression MINUS expression
    (18) expression -> . expression MUL expression
    (19) expression -> . expression DIV expression
    (20) expression -> . expression GT expression
    (21) expression -> . expression LT expression
    (22) expression -> . expression GE expression
    (23) expression -> . expression LE expression
    (24) expression -> . expression EQ expression
    (25) expression -> . expression NE expression
    (26) expression -> . NUM
    (27) expression -> . ID

    NUM             shift and go to state 24
    ID              shift and go to state 22

    expression                     shift and go to state 47

state 34

    (20) expression -> expression GT . expression
    (16) expression -> . expression PLUS expression
    (17) expression -> . expression MINUS expression
    (18) expression -> . expression MUL expression
    (19) expression -> . expression DIV expression
    (20) expression -> . expression GT expression
    (21) expression -> . expression LT expression
    (22) expression -> . expression GE expression
    (23) expression -> . expression LE expression
    (24) expression -> . expression EQ expression
    (25) expression -> . expression NE expression
    (26) expression -> . NUM
    (27) expression -> . ID

    NUM             shift and go to state 24
    ID              shift and go to state 22

    expression                     shift and go to state 48

state 35

    (21) expression -> expression LT . expression
    (16) expression -> . expression PLUS expression
    (17) expression -> . expression MINUS expression
    (18) expression -> . expression MUL expression
    (19) expression -> . expression DIV expression
    (20) expression -> . expression GT expression
    (21) expression -> . expression LT expression
    (22) expression -> . expression GE expression
    (23) expression -> . expression LE expression
    (24) expression -> . expression EQ expression
    (25) expression -> . expression NE expression
    (26) expression -> . NUM
    (27) expression -> . ID

    NUM             shift and go to state 24
    ID              shift and go to state 22

    expression                     shift and go to state 49

state 36

    (22) expression -> expression GE . expression
    (16) expression -> . expression PLUS expression
    (17) expression -> . expression MINUS expression
    (18) expression -> . expression MUL expression
    (19) expression -> . expression DIV expression
    (20) expression -> . expression GT expression
    (21) expression -> . expression LT expression
    (22) expression -> . expression GE expression
    (23) expression -> . expression LE expression
    (24) expression -> . expression EQ expression
    (25) expression -> . expression NE expression
    (26) expression -> . NUM
    (27) expression -> . ID

    NUM             shift and go to state 24
    ID              shift and go to state 22

    expression                     shift and go to state 50

state 37

    (23) expression -> expression LE . expression
    (16) expression -> . expression PLUS expression
    (17) expression -> . expression MINUS expression
    (18) expression -> . expression MUL expression
    (19) expression -> . expression DIV expression
    (20) expression -> . expression GT expression
    (21) expression -> . expression LT expression
    (22) expression -> . expression GE expression
    (23) expression -> . expression LE expression
    (24) expression -> . expression EQ expression
    (25) expression -> . expression NE expression
    (26) expression -> . NUM
    (27) expression -> . ID

    NUM             shift and go to state 24
    ID              shift and go to state 22

    expression                     shift and go to state 51

state 38

    (24) expression -> expression EQ . expression
    (16) expression -> . expression PLUS expression
    (17) expression -> . expression MINUS expression
    (18) expression -> . expression MUL expression
    (19) expression -> . expression DIV expression
    (20) expression -> . expression GT expression
    (21) expression -> . expression LT expression
    (22) expression -> . expression GE expression
    (23) expression -> . expression LE expression
    (24) expression -> . expression EQ expression
    (25) expression -> . expression NE expression
    (26) expression -> . NUM
    (27) expression -> . ID

    NUM             shift and go to state 24
    ID              shift and go to state 22

    expression                     shift and go to state 52

state 39

    (25) expression -> expression NE . expression
    (16) expression -> . expression PLUS expression
    (17) expression -> . expression MINUS expression
    (18) expression -> . expression MUL expression
    (19) expression -> . expression DIV expression
    (20) expression -> . expression GT expression
    (21) expression -> . expression LT expression
    (22) expression -> . expression GE expression
    (23) expression -> . expression LE expression
    (24) expression -> . expression EQ expression
    (25) expression -> . expression NE expression
    (26) expression -> . NUM
    (27) expression -> . ID

    NUM             shift and go to state 24
    ID              shift and go to state 22

    expression                     shift and go to state 53

state 40

    (13) if_statement -> IF LPAREN expression RPAREN . LBRACE statement_list RBRACE
    (14) if_else_statement -> IF LPAREN expression RPAREN . LBRACE statement_list RBRACE ELSE LBRACE statement_list RBRACE

    LBRACE          shift and go to state 54


state 41

    (15) while_statement -> WHILE LPAREN expression RPAREN . LBRACE statement_list RBRACE

    LBRACE          shift and go to state 55


state 42

    (12) print_statement -> PRINT LPAREN expression RPAREN . SEMI

    SEMI            shift and go to state 56


state 43

    (10) declaration -> INT ID ASSIGN expression SEMI .

    INT             reduce using rule 10 (declaration -> INT ID ASSIGN expression SEMI .)
    ID              reduce using rule 10 (declaration -> INT ID ASSIGN expression SEMI .)
    IF              reduce using rule 10 (declaration -> INT ID ASSIGN expression SEMI .)
    WHILE           reduce using rule 10 (declaration -> INT ID ASSIGN expression SEMI .)
    PRINT           reduce using rule 10 (declaration -> INT ID ASSIGN expression SEMI .)
    $end            reduce using rule 10 (declaration -> INT ID ASSIGN expression SEMI .)
    RBRACE          reduce using rule 10 (declaration -> INT ID ASSIGN expression SEMI .)


state 44

    (16) expression -> expression PLUS expression .
    (16) expression -> expression . PLUS expression
    (17) expression -> expression . MINUS expression
    (18) expression -> expression . MUL expression
    (19) expression -> expression . DIV expression
    (20) expression -> expression . GT expression
    (21) expression -> expression . LT expression
    (22) expression -> expression . GE expression
    (23) expression -> expression . LE expression
    (24) expression -> expression . EQ expression
    (25) expression -> expression . NE expression

    SEMI            reduce using rule 16 (expression -> expression PLUS expression .)
    PLUS            reduce using rule 16 (expression -> expression PLUS expression .)
    MINUS           reduce using rule 16 (expression -> expression PLUS expression .)
    GT              reduce using rule 16 (expression -> expression PLUS expression .)
    LT              reduce using rule 16 (expression -> expression PLUS expression .)
    GE              reduce using rule 16 (expression -> expression PLUS expression .)
    LE              reduce using rule 16 (expression -> expression PLUS expression .)
    EQ              reduce using rule 16 (expression -> expression PLUS expression .)
    NE              reduce using rule 16 (expression -> expression PLUS expression .)
    RPAREN          reduce using rule 16 (expression -> expression PLUS expression .)
    MUL             shift and go to state 32
    DIV             shift and go to state 33

  ! MUL             [ reduce using rule 16 (expression -> expression PLUS expression .) ]
  ! DIV             [ reduce using rule 16 (expression -> expression PLUS expression .) ]
  ! PLUS            [ shift and go to state 30 ]
  ! MINUS           [ shift and go to state 31 ]
  ! GT              [ shift and go to state 34 ]
  ! LT              [ shift and go to state 35 ]
  ! GE              [ shift and go to state 36 ]
  ! LE              [ shift and go to state 37 ]
  ! EQ              [ shift and go to state 38 ]
  ! NE              [ shift and go to state 39 ]


state 45

    (17) expression -> expression MINUS expression .
    (16) expression -> expression . PLUS expression
    (17) expression -> expression . MINUS expression
    (18) expression -> expression . MUL expression
    (19) expression -> expression . DIV expression
    (20) expression -> expression . GT expression
    (21) expression -> expression . LT expression
    (22) expression -> expression . GE expression
    (23) expression -> expression . LE expression
    (24) expression -> expression . EQ expression
    (25) expression -> expression . NE expression

    SEMI            reduce using rule 17 (expression -> expression MINUS expression .)
    PLUS            reduce using rule 17 (expression -> expression MINUS expression .)
    MINUS           reduce using rule 17 (expression -> expression MINUS expression .)
    GT              reduce using rule 17 (expression -> expression MINUS expression .)
    LT              reduce using rule 17 (expression -> expression MINUS expression .)
    GE              reduce using rule 17 (expression -> expression MINUS expression .)
    LE              reduce using rule 17 (expression -> expression MINUS expression .)
    EQ              reduce using rule 17 (expression -> expression MINUS expression .)
    NE              reduce using rule 17 (expression -> expression MINUS expression .)
    RPAREN          reduce using rule 17 (expression -> expression MINUS expression .)
    MUL             shift and go to state 32
    DIV             shift and go to state 33

  ! MUL             [ reduce using rule 17 (expression -> expression MINUS expression .) ]
  ! DIV             [ reduce using rule 17 (expression -> expression MINUS expression .) ]
  ! PLUS            [ shift and go to state 30 ]
  ! MINUS           [ shift and go to state 31 ]
  ! GT              [ shift and go to state 34 ]
  ! LT              [ shift and go to state 35 ]
  ! GE              [ shift and go to state 36 ]
  ! LE              [ shift and go to state 37 ]
  ! EQ              [ shift and go to state 38 ]
  ! NE              [ shift and go to state 39 ]


state 46

    (18) expression -> expression MUL expression .
    (16) expression -> expression . PLUS expression
    (17) expression -> expression . MINUS expression
    (18) expression -> expression . MUL expression
    (19) expression -> expression . DIV expression
    (20) expression -> expression . GT expression
    (21) expression -> expression . LT expression
    (22) expression -> expression . GE expression
    (23) expression -> expression . LE expression
    (24) expression -> expression . EQ expression
    (25) expression -> expression . NE expression

    SEMI            reduce using rule 18 (expression -> expression MUL expression .)
    PLUS            reduce using rule 18 (expression -> expression MUL expression .)
    MINUS           reduce using rule 18 (expression -> expression MUL expression .)
    MUL             reduce using rule 18 (expression -> expression MUL expression .)
    DIV             reduce using rule 18 (expression -> expression MUL expression .)
    GT              reduce using rule 18 (expression -> expression MUL expression .)
    LT              reduce using rule 18 (expression -> expression MUL expression .)
    GE              reduce using rule 18 (expression -> expression MUL expression .)
    LE              reduce using rule 18 (expression -> expression MUL expression .)
    EQ              reduce using rule 18 (expression -> expression MUL expression .)
    NE              reduce using rule 18 (expression -> expression MUL expression .)
    RPAREN          reduce using rule 18 (expression -> expression MUL expression .)

  ! PLUS            [ shift and go to state 30 ]
  ! MINUS           [ shift and go to state 31 ]
  ! MUL             [ shift and go to state 32 ]
  ! DIV             [ shift and go to state 33 ]
  ! GT              [ shift and go to state 34 ]
  ! LT              [ shift and go to state 35 ]
  ! GE              [ shift and go to state 36 ]
  ! LE              [ shift and go to state 37 ]
  ! EQ              [ shift and go to state 38 ]
  ! NE              [ shift and go to state 39 ]


state 47

    (19) expression -> expression DIV expression .
    (16) expression -> expression . PLUS expression
    (17) expression -> expression . MINUS expression
    (18) expression -> expression . MUL expression
    (19) expression -> expression . DIV expression
    (20) expression -> expression . GT expression
    (21) expression -> expression . LT expression
    (22) expression -> expression . GE expression
    (23) expression -> expression . LE expression
    (24) expression -> expression . EQ expression
    (25) expression -> expression . NE expression

    SEMI            reduce using rule 19 (expression -> expression DIV expression .)
    PLUS            reduce using rule 19 (expression -> expression DIV expression .)
    MINUS           reduce using rule 19 (expression -> expression DIV expression .)
    MUL             reduce using rule 19 (expression -> expression DIV expression .)
    DIV             reduce using rule 19 (expression -> expression DIV expression .)
    GT              reduce using rule 19 (expression -> expression DIV expression .)
    LT              reduce using rule 19 (expression -> expression DIV expression .)
    GE              reduce using rule 19 (expression -> expression DIV expression .)
    LE              reduce using rule 19 (expression -> expression DIV expression .)
    EQ              reduce using rule 19 (expression -> expression DIV expression .)
    NE              reduce using rule 19 (expression -> expression DIV expression .)
    RPAREN          reduce using rule 19 (expression -> expression DIV expression .)

  ! PLUS            [ shift and go to state 30 ]
  ! MINUS           [ shift and go to state 31 ]
  ! MUL             [ shift and go to state 32 ]
  ! DIV             [ shift and go to state 33 ]
  ! GT              [ shift and go to state 34 ]
  ! LT              [ shift and go to state 35 ]
  ! GE              [ shift and go to state 36 ]
  ! LE              [ shift and go to state 37 ]
  ! EQ              [ shift and go to state 38 ]
  ! NE              [ shift and go to state 39 ]


state 48

    (20) expression -> expression GT expression .
    (16) expression -> expression . PLUS expression
    (17) expression -> expression . MINUS expression
    (18) expression -> expression . MUL expression
    (19) expression -> expression . DIV expression
    (20) expression -> expression . GT expression
    (21) expression -> expression . LT expression
    (22) expression -> expression . GE expression
    (23) expression -> expression . LE expression
    (24) expression -> expression . EQ expression
    (25) expression -> expression . NE expression

  ! shift/reduce conflict for PLUS resolved as shift
  ! shift/reduce conflict for MINUS resolved as shift
  ! shift/reduce conflict for MUL resolved as shift
  ! shift/reduce conflict for DIV resolved as shift
  ! shift/reduce conflict for GT resolved as shift
  ! shift/reduce conflict for LT resolved as shift
  ! shift/reduce conflict for GE resolved as shift
  ! shift/reduce conflict for LE resolved as shift
  ! shift/reduce conflict for EQ resolved as shift
  ! shift/reduce conflict for NE resolved as shift
    SEMI            reduce using rule 20 (expression -> expression GT expression .)
    RPAREN          reduce using rule 20 (expression -> expression GT expression .)
    PLUS            shift and go to state 30
    MINUS           shift and go to state 31
    MUL             shift and go to state 32
    DIV             shift and go to state 33
    GT              shift and go to state 34
    LT              shift and go to state 35
    GE              shift and go to state 36
    LE              shift and go to state 37
    EQ              shift and go to state 38
    NE              shift and go to state 39

  ! PLUS            [ reduce using rule 20 (expression -> expression GT expression .) ]
  ! MINUS           [ reduce using rule 20 (expression -> expression GT expression .) ]
  ! MUL             [ reduce using rule 20 (expression -> expression GT expression .) ]
  ! DIV             [ reduce using rule 20 (expression -> expression GT expression .) ]
  ! GT              [ reduce using rule 20 (expression -> expression GT expression .) ]
  ! LT              [ reduce using rule 20 (expression -> expression GT expression .) ]
  ! GE              [ reduce using rule 20 (expression -> expression GT expression .) ]
  ! LE              [ reduce using rule 20 (expression -> expression GT expression .) ]
  ! EQ              [ reduce using rule 20 (expression -> expression GT expression .) ]
  ! NE              [ reduce using rule 20 (expression -> expression GT expression .) ]


state 49

    (21) expression -> expression LT expression .
    (16) expression -> expression . PLUS expression
    (17) expression -> expression . MINUS expression
    (18) expression -> expression . MUL expression
    (19) expression -> expression . DIV expression
    (20) expression -> expression . GT expression
    (21) expression -> expression . LT expression
    (22) expression -> expression . GE expression
    (23) expression -> expression . LE expression
    (24) expression -> expression . EQ expression
    (25) expression -> expression . NE expression

  ! shift/reduce conflict for PLUS resolved as shift
  ! shift/reduce conflict for MINUS resolved as shift
  ! shift/reduce conflict for MUL resolved as shift
  ! shift/reduce conflict for DIV resolved as shift
  ! shift/reduce conflict for GT resolved as shift
  ! shift/reduce conflict for LT resolved as shift
  ! shift/reduce conflict for GE resolved as shift
  ! shift/reduce conflict for LE resolved as shift
  ! shift/reduce conflict for EQ resolved as shift
  ! shift/reduce conflict for NE resolved as shift
    SEMI            reduce using rule 21 (expression -> expression LT expression .)
    RPAREN          reduce using rule 21 (expression -> expression LT expression .)
    PLUS            shift and go to state 30
    MINUS           shift and go to state 31
    MUL             shift and go to state 32
    DIV             shift and go to state 33
    GT              shift and go to state 34
    LT              shift and go to state 35
    GE              shift and go to state 36
    LE              shift and go to state 37
    EQ              shift and go to state 38
    NE              shift and go to state 39

  ! PLUS            [ reduce using rule 21 (expression -> expression LT expression .) ]
  ! MINUS           [ reduce using rule 21 (expression -> expression LT expression .) ]
  ! MUL             [ reduce using rule 21 (expression -> expression LT expression .) ]
  ! DIV             [ reduce using rule 21 (expression -> expression LT expression .) ]
  ! GT              [ reduce using rule 21 (expression -> expression LT expression .) ]
  ! LT              [ reduce using rule 21 (expression -> expression LT expression .) ]
  ! GE              [ reduce using rule 21 (expression -> expression LT expression .) ]
  ! LE              [ reduce using rule 21 (expression -> expression LT expression .) ]
  ! EQ              [ reduce using rule 21 (expression -> expression LT expression .) ]
  ! NE              [ reduce using rule 21 (expression -> expression LT expression .) ]


state 50

    (22) expression -> expression GE expression .
    (16) expression -> expression . PLUS expression
    (17) expression -> expression . MINUS expression
    (18) expression -> expression . MUL expression
    (19) expression -> expression . DIV expression
    (20) expression -> expression . GT expression
    (21) expression -> expression . LT expression
    (22) expression -> expression . GE expression
    (23) expression -> expression . LE expression
    (24) expression -> expression . EQ expression
    (25) expression -> expression . NE expression

  ! shift/reduce conflict for PLUS resolved as shift
  ! shift/reduce conflict for MINUS resolved as shift
  ! shift/reduce conflict for MUL resolved as shift
  ! shift/reduce conflict for DIV resolved as shift
  ! shift/reduce conflict for GT resolved as shift
  ! shift/reduce conflict for LT resolved as shift
  ! shift/reduce conflict for GE resolved as shift
  ! shift/reduce conflict for LE resolved as shift
  ! shift/reduce conflict for EQ resolved as shift
  ! shift/reduce conflict for NE resolved as shift
    SEMI            reduce using rule 22 (expression -> expression GE expression .)
    RPAREN          reduce using rule 22 (expression -> expression GE expression .)
    PLUS            shift and go to state 30
    MINUS           shift and go to state 31
    MUL             shift and go to state 32
    DIV             shift and go to state 33
    GT              shift and go to state 34
    LT              shift and go to state 35
    GE              shift and go to state 36
    LE              shift and go to state 37
    EQ              shift and go to state 38
    NE              shift and go to state 39

  ! PLUS            [ reduce using rule 22 (expression -> expression GE expression .) ]
  ! MINUS           [ reduce using rule 22 (expression -> expression GE expression .) ]
  ! MUL             [ reduce using rule 22 (expression -> expression GE expression .) ]
  ! DIV             [ reduce using rule 22 (expression -> expression GE expression .) ]
  ! GT              [ reduce using rule 22 (expression -> expression GE expression .) ]
  ! LT              [ reduce using rule 22 (expression -> expression GE expression .) ]
  ! GE              [ reduce using rule 22 (expression -> expression GE expression .) ]
  ! LE              [ reduce using rule 22 (expression -> expression GE expression .) ]
  ! EQ              [ reduce using rule 22 (expression -> expression GE expression .) ]
  ! NE              [ reduce using rule 22 (expression -> expression GE expression .) ]


state 51

    (23) expression -> expression LE expression .
    (16) expression -> expression . PLUS expression
    (17) expression -> expression . MINUS expression
    (18) expression -> expression . MUL expression
    (19) expression -> expression . DIV expression
    (20) expression -> expression . GT expression
    (21) expression -> expression . LT expression
    (22) expression -> expression . GE expression
    (23) expression -> expression . LE expression
    (24) expression -> expression . EQ expression
    (25) expression -> expression . NE expression

  ! shift/reduce conflict for PLUS resolved as shift
  ! shift/reduce conflict for MINUS resolved as shift
  ! shift/reduce conflict for MUL resolved as shift
  ! shift/reduce conflict for DIV resolved as shift
  ! shift/reduce conflict for GT resolved as shift
  ! shift/reduce conflict for LT resolved as shift
  ! shift/reduce conflict for GE resolved as shift
  ! shift/reduce conflict for LE resolved as shift
  ! shift/reduce conflict for EQ resolved as shift
  ! shift/reduce conflict for NE resolved as shift
    SEMI            reduce using rule 23 (expression -> expression LE expression .)
    RPAREN          reduce using rule 23 (expression -> expression LE expression .)
    PLUS            shift and go to state 30
    MINUS           shift and go to state 31
    MUL             shift and go to state 32
    DIV             shift and go to state 33
    GT              shift and go to state 34
    LT              shift and go to state 35
    GE              shift and go to state 36
    LE              shift and go to state 37
    EQ              shift and go to state 38
    NE              shift and go to state 39

  ! PLUS            [ reduce using rule 23 (expression -> expression LE expression .) ]
  ! MINUS           [ reduce using rule 23 (expression -> expression LE expression .) ]
  ! MUL             [ reduce using rule 23 (expression -> expression LE expression .) ]
  ! DIV             [ reduce using rule 23 (expression -> expression LE expression .) ]
  ! GT              [ reduce using rule 23 (expression -> expression LE expression .) ]
  ! LT              [ reduce using rule 23 (expression -> expression LE expression .) ]
  ! GE              [ reduce using rule 23 (expression -> expression LE expression .) ]
  ! LE              [ reduce using rule 23 (expression -> expression LE expression .) ]
  ! EQ              [ reduce using rule 23 (expression -> expression LE expression .) ]
  ! NE              [ reduce using rule 23 (expression -> expression LE expression .) ]


state 52

    (24) expression -> expression EQ expression .
    (16) expression -> expression . PLUS expression
    (17) expression -> expression . MINUS expression
    (18) expression -> expression . MUL expression
    (19) expression -> expression . DIV expression
    (20) expression -> expression . GT expression
    (21) expression -> expression . LT expression
    (22) expression -> expression . GE expression
    (23) expression -> expression . LE expression
    (24) expression -> expression . EQ expression
    (25) expression -> expression . NE expression

  ! shift/reduce conflict for PLUS resolved as shift
  ! shift/reduce conflict for MINUS resolved as shift
  ! shift/reduce conflict for MUL resolved as shift
  ! shift/reduce conflict for DIV resolved as shift
  ! shift/reduce conflict for GT resolved as shift
  ! shift/reduce conflict for LT resolved as shift
  ! shift/reduce conflict for GE resolved as shift
  ! shift/reduce conflict for LE resolved as shift
  ! shift/reduce conflict for EQ resolved as shift
  ! shift/reduce conflict for NE resolved as shift
    SEMI            reduce using rule 24 (expression -> expression EQ expression .)
    RPAREN          reduce using rule 24 (expression -> expression EQ expression .)
    PLUS            shift and go to state 30
    MINUS           shift and go to state 31
    MUL             shift and go to state 32
    DIV             shift and go to state 33
    GT              shift and go to state 34
    LT              shift and go to state 35
    GE              shift and go to state 36
    LE              shift and go to state 37
    EQ              shift and go to state 38
    NE              shift and go to state 39

  ! PLUS            [ reduce using rule 24 (expression -> expression EQ expression .) ]
  ! MINUS           [ reduce using rule 24 (expression -> expression EQ expression .) ]
  ! MUL             [ reduce using rule 24 (expression -> expression EQ expression .) ]
  ! DIV             [ reduce using rule 24 (expression -> expression EQ expression .) ]
  ! GT              [ reduce using rule 24 (expression -> expression EQ expression .) ]
  ! LT              [ reduce using rule 24 (expression -> expression EQ expression .) ]
  ! GE              [ reduce using rule 24 (expression -> expression EQ expression .) ]
  ! LE              [ reduce using rule 24 (expression -> expression EQ expression .) ]
  ! EQ              [ reduce using rule 24 (expression -> expression EQ expression .) ]
  ! NE              [ reduce using rule 24 (expression -> expression EQ expression .) ]


state 53

    (25) expression -> expression NE expression .
    (16) expression -> expression . PLUS expression
    (17) expression -> expression . MINUS expression
    (18) expression -> expression . MUL expression
    (19) expression -> expression . DIV expression
    (20) expression -> expression . GT expression
    (21) expression -> expression . LT expression
    (22) expression -> expression . GE expression
    (23) expression -> expression . LE expression
    (24) expression -> expression . EQ expression
    (25) expression -> expression . NE expression

  ! shift/reduce conflict for PLUS resolved as shift
  ! shift/reduce conflict for MINUS resolved as shift
  ! shift/reduce conflict for MUL resolved as shift
  ! shift/reduce conflict for DIV resolved as shift
  ! shift/reduce conflict for GT resolved as shift
  ! shift/reduce conflict for LT resolved as shift
  ! shift/reduce conflict for GE resolved as shift
  ! shift/reduce conflict for LE resolved as shift
  ! shift/reduce conflict for EQ resolved as shift
  ! shift/reduce conflict for NE resolved as shift
    SEMI            reduce using rule 25 (expression -> expression NE expression .)
    RPAREN          reduce using rule 25 (expression -> expression NE expression .)
    PLUS            shift and go to state 30
    MINUS           shift and go to state 31
    MUL             shift and go to state 32
    DIV             shift and go to state 33
    GT              shift and go to state 34
    LT              shift and go to state 35
    GE              shift and go to state 36
    LE              shift and go to state 37
    EQ              shift and go to state 38
    NE              shift and go to state 39

  ! PLUS            [ reduce using rule 25 (expression -> expression NE expression .) ]
  ! MINUS           [ reduce using rule 25 (expression -> expression NE expression .) ]
  ! MUL             [ reduce using rule 25 (expression -> expression NE expression .) ]
  ! DIV             [ reduce using rule 25 (expression -> expression NE expression .) ]
  ! GT              [ reduce using rule 25 (expression -> expression NE expression .) ]
  ! LT              [ reduce using rule 25 (expression -> expression NE expression .) ]
  ! GE              [ reduce using rule 25 (expression -> expression NE expression .) ]
  ! LE              [ reduce using rule 25 (expression -> expression NE expression .) ]
  ! EQ              [ reduce using rule 25 (expression -> expression NE expression .) ]
  ! NE              [ reduce using rule 25 (expression -> expression NE expression .) ]


state 54

    (13) if_statement -> IF LPAREN expression RPAREN LBRACE . statement_list RBRACE
    (14) if_else_statement -> IF LPAREN expression RPAREN LBRACE . statement_list RBRACE ELSE LBRACE statement_list RBRACE
    (2) statement_list -> . statement_list statement
    (3) statement_list -> . statement
    (4) statement -> . declaration
    (5) statement -> . assignment
    (6) statement -> . if_statement
    (7) statement -> . if_else_statement
    (8) statement -> . while_statement
    (9) statement -> . print_statement
    (10) declaration -> . INT ID ASSIGN expression SEMI
    (11) assignment -> . ID ASSIGN expression SEMI
    (13) if_statement -> . IF LPAREN expression RPAREN LBRACE statement_list RBRACE
    (14) if_else_statement -> . IF LPAREN expression RPAREN LBRACE statement_list RBRACE ELSE LBRACE statement_list RBRACE
    (15) while_statement -> . WHILE LPAREN expression RPAREN LBRACE statement_list RBRACE
    (12) print_statement -> . PRINT LPAREN expression RPAREN SEMI

    INT             shift and go to state 10
    ID              shift and go to state 11
    IF              shift and go to state 12
    WHILE           shift and go to state 13
    PRINT           shift and go to state 14

    statement_list                 shift and go to state 57
    statement                      shift and go to state 3
    declaration                    shift and go to state 4
    assignment                     shift and go to state 5
    if_statement                   shift and go to state 6
    if_else_statement              shift and go to state 7
    while_statement                shift and go to state 8
    print_statement                shift and go to state 9

state 55

    (15) while_statement -> WHILE LPAREN expression RPAREN LBRACE . statement_list RBRACE
    (2) statement_list -> . statement_list statement
    (3) statement_list -> . statement
    (4) statement -> . declaration
    (5) statement -> . assignment
    (6) statement -> . if_statement
    (7) statement -> . if_else_statement
    (8) statement -> . while_statement
    (9) statement -> . print_statement
    (10) declaration -> . INT ID ASSIGN expression SEMI
    (11) assignment -> . ID ASSIGN expression SEMI
    (13) if_statement -> . IF LPAREN expression RPAREN LBRACE statement_list RBRACE
    (14) if_else_statement -> . IF LPAREN expression RPAREN LBRACE statement_list RBRACE ELSE LBRACE statement_list RBRACE
    (15) while_statement -> . WHILE LPAREN expression RPAREN LBRACE statement_list RBRACE
    (12) print_statement -> . PRINT LPAREN expression RPAREN SEMI

    INT             shift and go to state 10
    ID              shift and go to state 11
    IF              shift and go to state 12
    WHILE           shift and go to state 13
    PRINT           shift and go to state 14

    statement_list                 shift and go to state 58
    statement                      shift and go to state 3
    declaration                    shift and go to state 4
    assignment                     shift and go to state 5
    if_statement                   shift and go to state 6
    if_else_statement              shift and go to state 7
    while_statement                shift and go to state 8
    print_statement                shift and go to state 9

state 56

    (12) print_statement -> PRINT LPAREN expression RPAREN SEMI .

    INT             reduce using rule 12 (print_statement -> PRINT LPAREN expression RPAREN SEMI .)
    ID              reduce using rule 12 (print_statement -> PRINT LPAREN expression RPAREN SEMI .)
    IF              reduce using rule 12 (print_statement -> PRINT LPAREN expression RPAREN SEMI .)
    WHILE           reduce using rule 12 (print_statement -> PRINT LPAREN expression RPAREN SEMI .)
    PRINT           reduce using rule 12 (print_statement -> PRINT LPAREN expression RPAREN SEMI .)
    $end            reduce using rule 12 (print_statement -> PRINT LPAREN expression RPAREN SEMI .)
    RBRACE          reduce using rule 12 (print_statement -> PRINT LPAREN expression RPAREN SEMI .)


state 57

    (13) if_statement -> IF LPAREN expression RPAREN LBRACE statement_list . RBRACE
    (14) if_else_statement -> IF LPAREN expression RPAREN LBRACE statement_list . RBRACE ELSE LBRACE statement_list RBRACE
    (2) statement_list -> statement_list . statement
    (4) statement -> . declaration
    (5) statement -> . assignment
    (6) statement -> . if_statement
    (7) statement -> . if_else_statement
    (8) statement -> . while_statement
    (9) statement -> . print_statement
    (10) declaration -> . INT ID ASSIGN expression SEMI
    (11) assignment -> . ID ASSIGN expression SEMI
    (13) if_statement -> . IF LPAREN expression RPAREN LBRACE statement_list RBRACE
    (14) if_else_statement -> . IF LPAREN expression RPAREN LBRACE statement_list RBRACE ELSE LBRACE statement_list RBRACE
    (15) while_statement -> . WHILE LPAREN expression RPAREN LBRACE statement_list RBRACE
    (12) print_statement -> . PRINT LPAREN expression RPAREN SEMI

    RBRACE          shift and go to state 59
    INT             shift and go to state 10
    ID              shift and go to state 11
    IF              shift and go to state 12
    WHILE           shift and go to state 13
    PRINT           shift and go to state 14

    statement                      shift and go to state 15
    declaration                    shift and go to state 4
    assignment                     shift and go to state 5
    if_statement                   shift and go to state 6
    if_else_statement              shift and go to state 7
    while_statement                shift and go to state 8
    print_statement                shift and go to state 9

state 58

    (15) while_statement -> WHILE LPAREN expression RPAREN LBRACE statement_list . RBRACE
    (2) statement_list -> statement_list . statement
    (4) statement -> . declaration
    (5) statement -> . assignment
    (6) statement -> . if_statement
    (7) statement -> . if_else_statement
    (8) statement -> . while_statement
    (9) statement -> . print_statement
    (10) declaration -> . INT ID ASSIGN expression SEMI
    (11) assignment -> . ID ASSIGN expression SEMI
    (13) if_statement -> . IF LPAREN expression RPAREN LBRACE statement_list RBRACE
    (14) if_else_statement -> . IF LPAREN expression RPAREN LBRACE statement_list RBRACE ELSE LBRACE statement_list RBRACE
    (15) while_statement -> . WHILE LPAREN expression RPAREN LBRACE statement_list RBRACE
    (12) print_statement -> . PRINT LPAREN expression RPAREN SEMI

    RBRACE          shift and go to state 60
    INT             shift and go to state 10
    ID              shift and go to state 11
    IF              shift and go to state 12
    WHILE           shift and go to state 13
    PRINT           shift and go to state 14

    statement                      shift and go to state 15
    declaration                    shift and go to state 4
    assignment                     shift and go to state 5
    if_statement                   shift and go to state 6
    if_else_statement              shift and go to state 7
    while_statement                shift and go to state 8
    print_statement                shift and go to state 9

state 59

    (13) if_statement -> IF LPAREN expression RPAREN LBRACE statement_list RBRACE .
    (14) if_else_statement -> IF LPAREN expression RPAREN LBRACE statement_list RBRACE . ELSE LBRACE statement_list RBRACE

    INT             reduce using rule 13 (if_statement -> IF LPAREN expression RPAREN LBRACE statement_list RBRACE .)
    ID              reduce using rule 13 (if_statement -> IF LPAREN expression RPAREN LBRACE statement_list RBRACE .)
    IF              reduce using rule 13 (if_statement -> IF LPAREN expression RPAREN LBRACE statement_list RBRACE .)
    WHILE           reduce using rule 13 (if_statement -> IF LPAREN expression RPAREN LBRACE statement_list RBRACE .)
    PRINT           reduce using rule 13 (if_statement -> IF LPAREN expression RPAREN LBRACE statement_list RBRACE .)
    $end            reduce using rule 13 (if_statement -> IF LPAREN expression RPAREN LBRACE statement_list RBRACE .)
    RBRACE          reduce using rule 13 (if_statement -> IF LPAREN expression RPAREN LBRACE statement_list RBRACE .)
    ELSE            shift and go to state 61


state 60

    (15) while_statement -> WHILE LPAREN expression RPAREN LBRACE statement_list RBRACE .

    INT             reduce using rule 15 (while_statement -> WHILE LPAREN expression RPAREN LBRACE statement_list RBRACE .)
    ID              reduce using rule 15 (while_statement -> WHILE LPAREN expression RPAREN LBRACE statement_list RBRACE .)
    IF              reduce using rule 15 (while_statement -> WHILE LPAREN expression RPAREN LBRACE statement_list RBRACE .)
    WHILE           reduce using rule 15 (while_statement -> WHILE LPAREN expression RPAREN LBRACE statement_list RBRACE .)
    PRINT           reduce using rule 15 (while_statement -> WHILE LPAREN expression RPAREN LBRACE statement_list RBRACE .)
    $end            reduce using rule 15 (while_statement -> WHILE LPAREN expression RPAREN LBRACE statement_list RBRACE .)
    RBRACE          reduce using rule 15 (while_statement -> WHILE LPAREN expression RPAREN LBRACE statement_list RBRACE .)


state 61

    (14) if_else_statement -> IF LPAREN expression RPAREN LBRACE statement_list RBRACE ELSE . LBRACE statement_list RBRACE

    LBRACE          shift and go to state 62


state 62

    (14) if_else_statement -> IF LPAREN expression RPAREN LBRACE statement_list RBRACE ELSE LBRACE . statement_list RBRACE
    (2) statement_list -> . statement_list statement
    (3) statement_list -> . statement
    (4) statement -> . declaration
    (5) statement -> . assignment
    (6) statement -> . if_statement
    (7) statement -> . if_else_statement
    (8) statement -> . while_statement
    (9) statement -> . print_statement
    (10) declaration -> . INT ID ASSIGN expression SEMI
    (11) assignment -> . ID ASSIGN expression SEMI
    (13) if_statement -> . IF LPAREN expression RPAREN LBRACE statement_list RBRACE
    (14) if_else_statement -> . IF LPAREN expression RPAREN LBRACE statement_list RBRACE ELSE LBRACE statement_list RBRACE
    (15) while_statement -> . WHILE LPAREN expression RPAREN LBRACE statement_list RBRACE
    (12) print_statement -> . PRINT LPAREN expression RPAREN SEMI

    INT             shift and go to state 10
    ID              shift and go to state 11
    IF              shift and go to state 12
    WHILE           shift and go to state 13
    PRINT           shift and go to state 14

    statement_list                 shift and go to state 63
    statement                      shift and go to state 3
    declaration                    shift and go to state 4
    assignment                     shift and go to state 5
    if_statement                   shift and go to state 6
    if_else_statement              shift and go to state 7
    while_statement                shift and go to state 8
    print_statement                shift and go to state 9

state 63

    (14) if_else_statement -> IF LPAREN expression RPAREN LBRACE statement_list RBRACE ELSE LBRACE statement_list . RBRACE
    (2) statement_list -> statement_list . statement
    (4) statement -> . declaration
    (5) statement -> . assignment
    (6) statement -> . if_statement
    (7) statement -> . if_else_statement
    (8) statement -> . while_statement
    (9) statement -> . print_statement
    (10) declaration -> . INT ID ASSIGN expression SEMI
    (11) assignment -> . ID ASSIGN expression SEMI
    (13) if_statement -> . IF LPAREN expression RPAREN LBRACE statement_list RBRACE
    (14) if_else_statement -> . IF LPAREN expression RPAREN LBRACE statement_list RBRACE ELSE LBRACE statement_list RBRACE
    (15) while_statement -> . WHILE LPAREN expression RPAREN LBRACE statement_list RBRACE
    (12) print_statement -> . PRINT LPAREN expression RPAREN SEMI

    RBRACE          shift and go to state 64
    INT             shift and go to state 10
    ID              shift and go to state 11
    IF              shift and go to state 12
    WHILE           shift and go to state 13
    PRINT           shift and go to state 14

    statement                      shift and go to state 15
    declaration                    shift and go to state 4
    assignment                     shift and go to state 5
    if_statement                   shift and go to state 6
    if_else_statement              shift and go to state 7
    while_statement                shift and go to state 8
    print_statement                shift and go to state 9

state 64

    (14) if_else_statement -> IF LPAREN expression RPAREN LBRACE statement_list RBRACE ELSE LBRACE statement_list RBRACE .

    INT             reduce using rule 14 (if_else_statement -> IF LPAREN expression RPAREN LBRACE statement_list RBRACE ELSE LBRACE statement_list RBRACE .)
    ID              reduce using rule 14 (if_else_statement -> IF LPAREN expression RPAREN LBRACE statement_list RBRACE ELSE LBRACE statement_list RBRACE .)
    IF              reduce using rule 14 (if_else_statement -> IF LPAREN expression RPAREN LBRACE statement_list RBRACE ELSE LBRACE statement_list RBRACE .)
    WHILE           reduce using rule 14 (if_else_statement -> IF LPAREN expression RPAREN LBRACE statement_list RBRACE ELSE LBRACE statement_list RBRACE .)
    PRINT           reduce using rule 14 (if_else_statement -> IF LPAREN expression RPAREN LBRACE statement_list RBRACE ELSE LBRACE statement_list RBRACE .)
    $end            reduce using rule 14 (if_else_statement -> IF LPAREN expression RPAREN LBRACE statement_list RBRACE ELSE LBRACE statement_list RBRACE .)
    RBRACE          reduce using rule 14 (if_else_statement -> IF LPAREN expression RPAREN LBRACE statement_list RBRACE ELSE LBRACE statement_list RBRACE .)

WARNING: 
WARNING: Conflicts:
WARNING: 
WARNING: shift/reduce conflict for PLUS in state 48 resolved as shift
WARNING: shift/reduce conflict for MINUS in state 48 resolved as shift
WARNING: shift/reduce conflict for MUL in state 48 resolved as shift
WARNING: shift/reduce conflict for DIV in state 48 resolved as shift
WARNING: shift/reduce conflict for GT in state 48 resolved as shift
WARNING: shift/reduce conflict for LT in state 48 resolved as shift
WARNING: shift/reduce conflict for GE in state 48 resolved as shift
WARNING: shift/reduce conflict for LE in state 48 resolved as shift
WARNING: shift/reduce conflict for EQ in state 48 resolved as shift
WARNING: shift/reduce conflict for NE in state 48 resolved as shift
WARNING: shift/reduce conflict for PLUS in state 49 resolved as shift
WARNING: shift/reduce conflict for MINUS in state 49 resolved as shift
WARNING: shift/reduce conflict for MUL in state 49 resolved as shift
WARNING: shift/reduce conflict for DIV in state 49 resolved as shift
WARNING: shift/reduce conflict for GT in state 49 resolved as shift
WARNING: shift/reduce conflict for LT in state 49 resolved as shift
WARNING: shift/reduce conflict for GE in state 49 resolved as shift
WARNING: shift/reduce conflict for LE in state 49 resolved as shift
WARNING: shift/reduce conflict for EQ in state 49 resolved as shift
WARNING: shift/reduce conflict for NE in state 49 resolved as shift
WARNING: shift/reduce conflict for PLUS in state 50 resolved as shift
WARNING: shift/reduce conflict for MINUS in state 50 resolved as shift
WARNING: shift/reduce conflict for MUL in state 50 resolved as shift
WARNING: shift/reduce conflict for DIV in state 50 resolved as shift
WARNING: shift/reduce conflict for GT in state 50 resolved as shift
WARNING: shift/reduce conflict for LT in state 50 resolved as shift
WARNING: shift/reduce conflict for GE in state 50 resolved as shift
WARNING: shift/reduce conflict for LE in state 50 resolved as shift
WARNING: shift/reduce conflict for EQ in state 50 resolved as shift
WARNING: shift/reduce conflict for NE in state 50 resolved as shift
WARNING: shift/reduce conflict for PLUS in state 51 resolved as shift
WARNING: shift/reduce conflict for MINUS in state 51 resolved as shift
WARNING: shift/reduce conflict for MUL in state 51 resolved as shift
WARNING: shift/reduce conflict for DIV in state 51 resolved as shift
WARNING: shift/reduce conflict for GT in state 51 resolved as shift
WARNING: shift/reduce conflict for LT in state 51 resolved as shift
WARNING: shift/reduce conflict for GE in state 51 resolved as shift
WARNING: shift/reduce conflict for LE in state 51 resolved as shift
WARNING: shift/reduce conflict for EQ in state 51 resolved as shift
WARNING: shift/reduce conflict for NE in state 51 resolved as shift
WARNING: shift/reduce conflict for PLUS in state 52 resolved as shift
WARNING: shift/reduce conflict for MINUS in state 52 resolved as shift
WARNING: shift/reduce conflict for MUL in state 52 resolved as shift
WARNING: shift/reduce conflict for DIV in state 52 resolved as shift
WARNING: shift/reduce conflict for GT in state 52 resolved as shift
WARNING: shift/reduce conflict for LT in state 52 resolved as shift
WARNING: shift/reduce conflict for GE in state 52 resolved as shift
WARNING: shift/reduce conflict for LE in state 52 resolved as shift
WARNING: shift/reduce conflict for EQ in state 52 resolved as shift
WARNING: shift/reduce conflict for NE in state 52 resolved as shift
WARNING: shift/reduce conflict for PLUS in state 53 resolved as shift
WARNING: shift/reduce conflict for MINUS in state 53 resolved as shift
WARNING: shift/reduce conflict for MUL in state 53 resolved as shift
WARNING: shift/reduce conflict for DIV in state 53 resolved as shift
WARNING: shift/reduce conflict for GT in state 53 resolved as shift
WARNING: shift/reduce conflict for LT in state 53 resolved as shift
WARNING: shift/reduce conflict for GE in state 53 resolved as shift
WARNING: shift/reduce conflict for LE in state 53 resolved as shift
WARNING: shift/reduce conflict for EQ in state 53 resolved as shift
WARNING: shift/reduce conflict for NE in state 53 resolved as shift
